-encoding
UTF-8
-outxml
-source
1.6
-target
1.6
-classpath
C:\Users\reza\.m2\repository\aopalliance\aopalliance\1.0\aopalliance-1.0.jar;C:\Users\reza\.m2\repository\asm\asm\3.3.1\asm-3.3.1.jar;C:\Users\reza\.m2\repository\cglib\cglib\2.2.2\cglib-2.2.2.jar;C:\Users\reza\.m2\repository\com\google\inject\guice\2.0\guice-2.0.jar;C:\Users\reza\.m2\repository\commons-dbcp\commons-dbcp\1.4\commons-dbcp-1.4.jar;C:\Users\reza\.m2\repository\commons-logging\commons-logging\1.1.1\commons-logging-1.1.1.jar;C:\Users\reza\.m2\repository\commons-pool\commons-pool\1.5.4\commons-pool-1.5.4.jar;C:\Users\reza\.m2\repository\dom4j\dom4j\1.6.1\dom4j-1.6.1.jar;C:\Users\reza\.m2\repository\javax\activation\activation\1.1\activation-1.1.jar;C:\Users\reza\.m2\repository\javax\mail\mail\1.4.4\mail-1.4.4.jar;C:\Users\reza\.m2\repository\javax\servlet\jstl\1.2\jstl-1.2.jar;C:\Users\reza\.m2\repository\javax\servlet\servlet-api\2.5\servlet-api-2.5.jar;C:\Users\reza\.m2\repository\javax\servlet\jsp\jsp-api\2.1\jsp-api-2.1.jar;C:\Users\reza\.m2\repository\net\jcip\jcip-annotations\1.0\jcip-annotations-1.0.jar;C:\Users\reza\.m2\repository\ognl\ognl\3.0\ognl-3.0.jar;C:\Users\reza\.m2\repository\opensymphony\sitemesh\3.0-alpha\sitemesh-3.0-alpha.jar;C:\Users\reza\.m2\repository\org\aspectj\aspectjweaver\1.6.12\aspectjweaver-1.6.12.jar;C:\Users\reza\.m2\repository\org\codehaus\jackson\jackson-core-asl\1.7.2\jackson-core-asl-1.7.2.jar;C:\Users\reza\.m2\repository\org\codehaus\jackson\jackson-mapper-asl\1.7.2\jackson-mapper-asl-1.7.2.jar;C:\Users\reza\.m2\repository\org\javassist\javassist\3.14.0-GA\javassist-3.14.0-GA.jar;C:\Users\reza\.m2\repository\org\mongodb\mongo-java-driver\2.7.1\mongo-java-driver-2.7.1.jar;C:\Users\reza\.m2\repository\org\openid4java\openid4java-nodeps\0.9.6\openid4java-nodeps-0.9.6.jar;C:\Users\reza\.m2\repository\org\slf4j\slf4j-api\1.6.1\slf4j-api-1.6.1.jar;C:\Users\reza\.m2\repository\org\springframework\spring-aop\3.1.0.RELEASE\spring-aop-3.1.0.RELEASE.jar;C:\Users\reza\.m2\repository\org\springframework\spring-asm\3.1.0.RELEASE\spring-asm-3.1.0.RELEASE.jar;C:\Users\reza\.m2\repository\org\springframework\spring-aspects\3.1.0.RELEASE\spring-aspects-3.1.0.RELEASE.jar;C:\Users\reza\.m2\repository\org\springframework\spring-beans\3.1.0.RELEASE\spring-beans-3.1.0.RELEASE.jar;C:\Users\reza\.m2\repository\org\springframework\spring-context\3.1.0.RELEASE\spring-context-3.1.0.RELEASE.jar;C:\Users\reza\.m2\repository\org\springframework\spring-context-support\3.1.0.RELEASE\spring-context-support-3.1.0.RELEASE.jar;C:\Users\reza\.m2\repository\org\springframework\spring-core\3.1.0.RELEASE\spring-core-3.1.0.RELEASE.jar;C:\Users\reza\.m2\repository\org\springframework\spring-expression\3.1.0.RELEASE\spring-expression-3.1.0.RELEASE.jar;C:\Users\reza\.m2\repository\org\springframework\spring-instrument-tomcat\3.1.0.RELEASE\spring-instrument-tomcat-3.1.0.RELEASE.jar;C:\Users\reza\.m2\repository\org\springframework\spring-jdbc\3.0.6.RELEASE\spring-jdbc-3.0.6.RELEASE.jar;C:\Users\reza\.m2\repository\org\springframework\spring-test\3.1.0.RELEASE\spring-test-3.1.0.RELEASE.jar;C:\Users\reza\.m2\repository\org\springframework\spring-tx\3.2.0.BUILD-SNAPSHOT\spring-tx-3.2.0.BUILD-SNAPSHOT.jar;C:\Users\reza\.m2\repository\org\springframework\spring-web\3.1.0.RELEASE\spring-web-3.1.0.RELEASE.jar;C:\Users\reza\.m2\repository\org\springframework\spring-webmvc\3.1.0.RELEASE\spring-webmvc-3.1.0.RELEASE.jar;C:\Users\reza\.m2\repository\org\springframework\data\spring-data-commons-core\1.2.0.RELEASE\spring-data-commons-core-1.2.0.RELEASE.jar;C:\Users\reza\.m2\repository\org\springframework\data\spring-data-mongodb\1.0.0.RELEASE\spring-data-mongodb-1.0.0.RELEASE.jar;C:\Users\reza\.m2\repository\org\springframework\security\spring-security-config\3.1.0.RELEASE\spring-security-config-3.1.0.RELEASE.jar;C:\Users\reza\.m2\repository\org\springframework\security\spring-security-core\3.1.0.RELEASE\spring-security-core-3.1.0.RELEASE.jar;C:\Users\reza\.m2\repository\org\springframework\security\spring-security-crypto\3.1.0.RELEASE\spring-security-crypto-3.1.0.RELEASE.jar;C:\Users\reza\.m2\repository\org\springframework\security\spring-security-openid\3.1.0.RELEASE\spring-security-openid-3.1.0.RELEASE.jar;C:\Users\reza\.m2\repository\org\springframework\security\spring-security-web\3.1.0.RELEASE\spring-security-web-3.1.0.RELEASE.jar;C:\Users\reza\.m2\repository\org\thymeleaf\thymeleaf\1.1.2\thymeleaf-1.1.2.jar;C:\Users\reza\.m2\repository\org\thymeleaf\thymeleaf-spring3\1.1.2\thymeleaf-spring3-1.1.2.jar;C:\Users\reza\.m2\repository\xml-apis\xml-apis\1.0.b2\xml-apis-1.0.b2.jar;C:\Users\reza\workspace\MyCMS\target\classes
-aspectpath
C:\Users\reza\.m2\repository\org\springframework\spring-aspects\3.1.0.RELEASE\spring-aspects-3.1.0.RELEASE.jar
-d
C:\Users\reza\workspace\MyCMS\target\classes
C:\Users\reza\workspace\MyCMS\src\main\java\com\mycms\web\HomeController.java
C:\Users\reza\workspace\MyCMS\src\main\java\com\mycms\web\ExceptionController.java
C:\Users\reza\workspace\MyCMS\src\main\java\com\mycms\web\editors\SitePageEditor.java
C:\Users\reza\workspace\MyCMS\src\main\java\com\mycms\web\ContentController.java
C:\Users\reza\workspace\MyCMS\src\main\java\com\mycms\repository\PageContentRepository.java
C:\Users\reza\workspace\MyCMS\src\main\java\com\mycms\config\SocialConfig.java
C:\Users\reza\workspace\MyCMS\src\main\java\com\mycms\security\UserAssembler.java
C:\Users\reza\workspace\MyCMS\src\main\java\com\mycms\web\ContactController.java
C:\Users\reza\workspace\MyCMS\src\main\java\com\mycms\web\LoginController.java
C:\Users\reza\workspace\MyCMS\src\main\java\com\mycms\domain\Menu.java
C:\Users\reza\workspace\MyCMS\src\main\java\com\mycms\domain\SitePage.java
C:\Users\reza\workspace\MyCMS\src\main\java\com\mycms\config\DataStoreConfig.java
C:\Users\reza\workspace\MyCMS\src\main\java\com\mycms\domain\Content.java
C:\Users\reza\workspace\MyCMS\src\main\java\com\mycms\service\GmailDeliveryServiceImpl.java
C:\Users\reza\workspace\MyCMS\src\main\java\com\mycms\security\UserAssemblerImpl.java
C:\Users\reza\workspace\MyCMS\src\main\java\com\mycms\security\UserDetailsServiceImpl.java
C:\Users\reza\workspace\MyCMS\src\main\java\com\mycms\web\exceptions\ResourceNotFoundException.java
C:\Users\reza\workspace\MyCMS\src\main\java\com\mycms\web\editors\ContentEditor.java
C:\Users\reza\workspace\MyCMS\src\main\java\com\mycms\repository\RoleRepository.java
C:\Users\reza\workspace\MyCMS\src\main\java\com\mycms\security\AuthenticationServiceImpl.java
C:\Users\reza\workspace\MyCMS\src\main\java\com\mycms\domain\PageContent.java
C:\Users\reza\workspace\MyCMS\src\main\java\com\mycms\web\MenuController.java
C:\Users\reza\workspace\MyCMS\src\main\java\com\mycms\repository\MenuRepository.java
C:\Users\reza\workspace\MyCMS\src\main\java\com\mycms\domain\Contact.java
C:\Users\reza\workspace\MyCMS\src\main\java\com\mycms\security\AuthenticationService.java
C:\Users\reza\workspace\MyCMS\src\main\java\com\mycms\service\MailDeliveryService.java
C:\Users\reza\workspace\MyCMS\src\main\java\com\mycms\repository\SiteSettingsRepository.java
C:\Users\reza\workspace\MyCMS\src\main\java\com\mycms\web\PageController.java
C:\Users\reza\workspace\MyCMS\src\main\java\com\mycms\repository\ContactRepository.java
C:\Users\reza\workspace\MyCMS\src\main\java\com\mycms\domain\SiteUser.java
C:\Users\reza\workspace\MyCMS\src\main\java\com\mycms\security\CustomOpenIdUserDetailsServiceImpl.java
C:\Users\reza\workspace\MyCMS\src\main\java\com\mycms\web\CommonDataHandlerInterceptor.java
C:\Users\reza\workspace\MyCMS\src\main\java\com\mycms\repository\SitePageRepository.java
C:\Users\reza\workspace\MyCMS\src\main\java\com\mycms\domain\Role.java
C:\Users\reza\workspace\MyCMS\src\main\java\com\mycms\domain\SiteSettings.java
C:\Users\reza\workspace\MyCMS\src\main\java\com\mycms\web\AbstractCmsController.java
C:\Users\reza\workspace\MyCMS\src\main\java\com\mycms\repository\ContentRepository.java
C:\Users\reza\workspace\MyCMS\src\main\java\com\mycms\repository\SiteUserRepository.java
